{
	"/home/emedina/sandboxes/vite-sandbox/src/apis/dictionaryApi.js": {
		"path": "/home/emedina/sandboxes/vite-sandbox/src/apis/dictionaryApi.js",
		"all": false,
		"statementMap": {
			"0": {
				"start": { "line": 1, "column": 0 },
				"end": { "line": 1, "column": 26 }
			},
			"1": {
				"start": { "line": 2, "column": 0 },
				"end": { "line": 2, "column": 55 }
			},
			"2": {
				"start": { "line": 3, "column": 0 },
				"end": { "line": 3, "column": 0 }
			},
			"3": {
				"start": { "line": 4, "column": 0 },
				"end": { "line": 4, "column": 52 }
			},
			"4": {
				"start": { "line": 5, "column": 0 },
				"end": { "line": 5, "column": 34 }
			},
			"5": {
				"start": { "line": 6, "column": 0 },
				"end": { "line": 6, "column": 60 }
			},
			"6": {
				"start": { "line": 7, "column": 0 },
				"end": { "line": 7, "column": 31 }
			},
			"7": {
				"start": { "line": 8, "column": 0 },
				"end": { "line": 8, "column": 12 }
			},
			"8": {
				"start": { "line": 9, "column": 0 },
				"end": { "line": 9, "column": 3 }
			},
			"9": {
				"start": { "line": 10, "column": 0 },
				"end": { "line": 10, "column": 0 }
			},
			"10": {
				"start": { "line": 11, "column": 0 },
				"end": { "line": 11, "column": 13 }
			},
			"11": {
				"start": { "line": 12, "column": 0 },
				"end": { "line": 12, "column": 2 }
			}
		},
		"s": {
			"0": 1,
			"1": 1,
			"2": 1,
			"3": 1,
			"4": 4,
			"5": 4,
			"6": 4,
			"7": 4,
			"8": 4,
			"9": 2,
			"10": 2,
			"11": 2
		},
		"branchMap": {
			"0": {
				"type": "branch",
				"line": 4,
				"loc": {
					"start": { "line": 4, "column": 35 },
					"end": { "line": 12, "column": 2 }
				},
				"locations": [
					{
						"start": { "line": 4, "column": 35 },
						"end": { "line": 12, "column": 2 }
					}
				]
			},
			"1": {
				"type": "branch",
				"line": 10,
				"loc": {
					"start": { "line": 10, "column": -1 },
					"end": { "line": 12, "column": 2 }
				},
				"locations": [
					{
						"start": { "line": 10, "column": -1 },
						"end": { "line": 12, "column": 2 }
					}
				]
			}
		},
		"b": { "0": [4], "1": [2] },
		"fnMap": {
			"0": {
				"name": "fetchWordDefinition",
				"decl": {
					"start": { "line": 4, "column": 35 },
					"end": { "line": 12, "column": 2 }
				},
				"loc": {
					"start": { "line": 4, "column": 35 },
					"end": { "line": 12, "column": 2 }
				},
				"line": 4
			}
		},
		"f": { "0": 4 }
	},
	"/home/emedina/sandboxes/vite-sandbox/src/components/Counter/Counter.jsx": {
		"path": "/home/emedina/sandboxes/vite-sandbox/src/components/Counter/Counter.jsx",
		"all": false,
		"statementMap": {
			"0": {
				"start": { "line": 1, "column": 0 },
				"end": { "line": 1, "column": 58 }
			},
			"1": {
				"start": { "line": 2, "column": 0 },
				"end": { "line": 2, "column": 55 }
			},
			"2": {
				"start": { "line": 3, "column": 0 },
				"end": { "line": 3, "column": 71 }
			},
			"3": {
				"start": { "line": 4, "column": 0 },
				"end": { "line": 4, "column": 69 }
			},
			"4": {
				"start": { "line": 5, "column": 0 },
				"end": { "line": 5, "column": 0 }
			},
			"5": {
				"start": { "line": 6, "column": 0 },
				"end": { "line": 6, "column": 23 }
			},
			"6": {
				"start": { "line": 7, "column": 0 },
				"end": { "line": 7, "column": 40 }
			},
			"7": {
				"start": { "line": 8, "column": 0 },
				"end": { "line": 8, "column": 32 }
			},
			"8": {
				"start": { "line": 9, "column": 0 },
				"end": { "line": 9, "column": 0 }
			},
			"9": {
				"start": { "line": 10, "column": 0 },
				"end": { "line": 10, "column": 9 }
			},
			"10": {
				"start": { "line": 11, "column": 0 },
				"end": { "line": 11, "column": 21 }
			},
			"11": {
				"start": { "line": 12, "column": 0 },
				"end": { "line": 12, "column": 42 }
			},
			"12": {
				"start": { "line": 13, "column": 0 },
				"end": { "line": 13, "column": 67 }
			},
			"13": {
				"start": { "line": 14, "column": 0 },
				"end": { "line": 14, "column": 67 }
			},
			"14": {
				"start": { "line": 15, "column": 0 },
				"end": { "line": 15, "column": 10 }
			},
			"15": {
				"start": { "line": 16, "column": 0 },
				"end": { "line": 16, "column": 3 }
			},
			"16": {
				"start": { "line": 17, "column": 0 },
				"end": { "line": 17, "column": 2 }
			},
			"17": {
				"start": { "line": 18, "column": 0 },
				"end": { "line": 18, "column": 0 }
			},
			"18": {
				"start": { "line": 19, "column": 0 },
				"end": { "line": 19, "column": 23 }
			}
		},
		"s": {
			"0": 1,
			"1": 1,
			"2": 1,
			"3": 1,
			"4": 1,
			"5": 1,
			"6": 6,
			"7": 6,
			"8": 6,
			"9": 6,
			"10": 6,
			"11": 6,
			"12": 6,
			"13": 6,
			"14": 6,
			"15": 6,
			"16": 6,
			"17": 1,
			"18": 1
		},
		"branchMap": {
			"0": {
				"type": "branch",
				"line": 6,
				"loc": {
					"start": { "line": 6, "column": 16 },
					"end": { "line": 17, "column": 2 }
				},
				"locations": [
					{
						"start": { "line": 6, "column": 16 },
						"end": { "line": 17, "column": 2 }
					}
				]
			},
			"1": {
				"type": "branch",
				"line": 13,
				"loc": {
					"start": { "line": 13, "column": 20 },
					"end": { "line": 13, "column": 49 }
				},
				"locations": [
					{
						"start": { "line": 13, "column": 20 },
						"end": { "line": 13, "column": 49 }
					}
				]
			},
			"2": {
				"type": "branch",
				"line": 14,
				"loc": {
					"start": { "line": 14, "column": 20 },
					"end": { "line": 14, "column": 49 }
				},
				"locations": [
					{
						"start": { "line": 14, "column": 20 },
						"end": { "line": 14, "column": 49 }
					}
				]
			}
		},
		"b": { "0": [6], "1": [1], "2": [2] },
		"fnMap": {
			"0": {
				"name": "Counter",
				"decl": {
					"start": { "line": 6, "column": 16 },
					"end": { "line": 17, "column": 2 }
				},
				"loc": {
					"start": { "line": 6, "column": 16 },
					"end": { "line": 17, "column": 2 }
				},
				"line": 6
			},
			"1": {
				"name": "onClick",
				"decl": {
					"start": { "line": 13, "column": 20 },
					"end": { "line": 13, "column": 49 }
				},
				"loc": {
					"start": { "line": 13, "column": 20 },
					"end": { "line": 13, "column": 49 }
				},
				"line": 13
			},
			"2": {
				"name": "onClick",
				"decl": {
					"start": { "line": 14, "column": 20 },
					"end": { "line": 14, "column": 49 }
				},
				"loc": {
					"start": { "line": 14, "column": 20 },
					"end": { "line": 14, "column": 49 }
				},
				"line": 14
			}
		},
		"f": { "0": 6, "1": 1, "2": 2 }
	},
	"/home/emedina/sandboxes/vite-sandbox/src/components/Counter/index.jsx": {
		"path": "/home/emedina/sandboxes/vite-sandbox/src/components/Counter/index.jsx",
		"all": false,
		"statementMap": {
			"0": {
				"start": { "line": 1, "column": 0 },
				"end": { "line": 1, "column": 36 }
			}
		},
		"s": { "0": 1 },
		"branchMap": {},
		"b": {},
		"fnMap": {},
		"f": {}
	},
	"/home/emedina/sandboxes/vite-sandbox/src/components/Dictionary/Dictionary.jsx": {
		"path": "/home/emedina/sandboxes/vite-sandbox/src/components/Dictionary/Dictionary.jsx",
		"all": false,
		"statementMap": {
			"0": {
				"start": { "line": 1, "column": 0 },
				"end": { "line": 1, "column": 62 }
			},
			"1": {
				"start": { "line": 2, "column": 0 },
				"end": { "line": 2, "column": 44 }
			},
			"2": {
				"start": { "line": 3, "column": 0 },
				"end": { "line": 3, "column": 0 }
			},
			"3": {
				"start": { "line": 4, "column": 0 },
				"end": { "line": 4, "column": 26 }
			},
			"4": {
				"start": { "line": 5, "column": 0 },
				"end": { "line": 5, "column": 70 }
			},
			"5": {
				"start": { "line": 6, "column": 0 },
				"end": { "line": 6, "column": 0 }
			},
			"6": {
				"start": { "line": 7, "column": 0 },
				"end": { "line": 7, "column": 9 }
			},
			"7": {
				"start": { "line": 8, "column": 0 },
				"end": { "line": 8, "column": 4 }
			},
			"8": {
				"start": { "line": 9, "column": 0 },
				"end": { "line": 9, "column": 40 }
			},
			"9": {
				"start": { "line": 10, "column": 0 },
				"end": { "line": 10, "column": 14 }
			},
			"10": {
				"start": { "line": 11, "column": 0 },
				"end": { "line": 11, "column": 14 }
			},
			"11": {
				"start": { "line": 12, "column": 0 },
				"end": { "line": 12, "column": 16 }
			},
			"12": {
				"start": { "line": 13, "column": 0 },
				"end": { "line": 13, "column": 17 }
			},
			"13": {
				"start": { "line": 14, "column": 0 },
				"end": { "line": 14, "column": 23 }
			},
			"14": {
				"start": { "line": 15, "column": 0 },
				"end": { "line": 15, "column": 16 }
			},
			"15": {
				"start": { "line": 16, "column": 0 },
				"end": { "line": 16, "column": 31 }
			},
			"16": {
				"start": { "line": 17, "column": 0 },
				"end": { "line": 17, "column": 35 }
			},
			"17": {
				"start": { "line": 18, "column": 0 },
				"end": { "line": 18, "column": 63 }
			},
			"18": {
				"start": { "line": 19, "column": 0 },
				"end": { "line": 19, "column": 59 }
			},
			"19": {
				"start": { "line": 20, "column": 0 },
				"end": { "line": 20, "column": 6 }
			},
			"20": {
				"start": { "line": 21, "column": 0 },
				"end": { "line": 21, "column": 11 }
			},
			"21": {
				"start": { "line": 22, "column": 0 },
				"end": { "line": 22, "column": 18 }
			},
			"22": {
				"start": { "line": 23, "column": 0 },
				"end": { "line": 23, "column": 23 }
			},
			"23": {
				"start": { "line": 24, "column": 0 },
				"end": { "line": 24, "column": 24 }
			},
			"24": {
				"start": { "line": 25, "column": 0 },
				"end": { "line": 25, "column": 32 }
			},
			"25": {
				"start": { "line": 26, "column": 0 },
				"end": { "line": 26, "column": 5 }
			},
			"26": {
				"start": { "line": 27, "column": 0 },
				"end": { "line": 27, "column": 11 }
			},
			"27": {
				"start": { "line": 28, "column": 0 },
				"end": { "line": 28, "column": 13 }
			},
			"28": {
				"start": { "line": 29, "column": 0 },
				"end": { "line": 29, "column": 10 }
			},
			"29": {
				"start": { "line": 30, "column": 0 },
				"end": { "line": 30, "column": 0 }
			},
			"30": {
				"start": { "line": 31, "column": 0 },
				"end": { "line": 31, "column": 64 }
			},
			"31": {
				"start": { "line": 32, "column": 0 },
				"end": { "line": 32, "column": 5 }
			},
			"32": {
				"start": { "line": 33, "column": 0 },
				"end": { "line": 33, "column": 3 }
			},
			"33": {
				"start": { "line": 34, "column": 0 },
				"end": { "line": 34, "column": 2 }
			},
			"34": {
				"start": { "line": 35, "column": 0 },
				"end": { "line": 35, "column": 0 }
			},
			"35": {
				"start": { "line": 36, "column": 0 },
				"end": { "line": 36, "column": 26 }
			}
		},
		"s": {
			"0": 1,
			"1": 1,
			"2": 1,
			"3": 1,
			"4": 197,
			"5": 197,
			"6": 197,
			"7": 197,
			"8": 197,
			"9": 197,
			"10": 197,
			"11": 197,
			"12": 197,
			"13": 197,
			"14": 197,
			"15": 197,
			"16": 197,
			"17": 197,
			"18": 197,
			"19": 197,
			"20": 197,
			"21": 197,
			"22": 197,
			"23": 197,
			"24": 197,
			"25": 197,
			"26": 197,
			"27": 197,
			"28": 197,
			"29": 197,
			"30": 197,
			"31": 197,
			"32": 197,
			"33": 197,
			"34": 1,
			"35": 1
		},
		"branchMap": {
			"0": {
				"type": "branch",
				"line": 4,
				"loc": {
					"start": { "line": 4, "column": 19 },
					"end": { "line": 34, "column": 2 }
				},
				"locations": [
					{
						"start": { "line": 4, "column": 19 },
						"end": { "line": 34, "column": 2 }
					}
				]
			},
			"1": {
				"type": "branch",
				"line": 18,
				"loc": {
					"start": { "line": 18, "column": 27 },
					"end": { "line": 18, "column": 63 }
				},
				"locations": [
					{
						"start": { "line": 18, "column": 27 },
						"end": { "line": 18, "column": 63 }
					}
				]
			},
			"2": {
				"type": "branch",
				"line": 19,
				"loc": {
					"start": { "line": 19, "column": 32 },
					"end": { "line": 19, "column": 59 }
				},
				"locations": [
					{
						"start": { "line": 19, "column": 32 },
						"end": { "line": 19, "column": 59 }
					}
				]
			}
		},
		"b": { "0": [197], "1": [11], "2": [11] },
		"fnMap": {
			"0": {
				"name": "Dictionary",
				"decl": {
					"start": { "line": 4, "column": 19 },
					"end": { "line": 34, "column": 2 }
				},
				"loc": {
					"start": { "line": 4, "column": 19 },
					"end": { "line": 34, "column": 2 }
				},
				"line": 4
			}
		},
		"f": { "0": 197 }
	},
	"/home/emedina/sandboxes/vite-sandbox/src/components/Dictionary/dictionaryFormSchema.js": {
		"path": "/home/emedina/sandboxes/vite-sandbox/src/components/Dictionary/dictionaryFormSchema.js",
		"all": false,
		"statementMap": {
			"0": {
				"start": { "line": 1, "column": 0 },
				"end": { "line": 1, "column": 27 }
			},
			"1": {
				"start": { "line": 2, "column": 0 },
				"end": { "line": 2, "column": 0 }
			},
			"2": {
				"start": { "line": 3, "column": 0 },
				"end": { "line": 3, "column": 37 }
			},
			"3": {
				"start": { "line": 4, "column": 0 },
				"end": { "line": 4, "column": 19 }
			},
			"4": {
				"start": { "line": 5, "column": 0 },
				"end": { "line": 5, "column": 9 }
			},
			"5": {
				"start": { "line": 6, "column": 0 },
				"end": { "line": 6, "column": 9 }
			},
			"6": {
				"start": { "line": 7, "column": 0 },
				"end": { "line": 7, "column": 57 }
			},
			"7": {
				"start": { "line": 8, "column": 0 },
				"end": { "line": 8, "column": 57 }
			},
			"8": {
				"start": { "line": 9, "column": 0 },
				"end": { "line": 9, "column": 32 }
			},
			"9": {
				"start": { "line": 10, "column": 0 },
				"end": { "line": 10, "column": 3 }
			},
			"10": {
				"start": { "line": 11, "column": 0 },
				"end": { "line": 11, "column": 0 }
			},
			"11": {
				"start": { "line": 12, "column": 0 },
				"end": { "line": 12, "column": 32 }
			}
		},
		"s": {
			"0": 1,
			"1": 1,
			"2": 1,
			"3": 1,
			"4": 1,
			"5": 1,
			"6": 1,
			"7": 1,
			"8": 1,
			"9": 1,
			"10": 1,
			"11": 1
		},
		"branchMap": {},
		"b": {},
		"fnMap": {},
		"f": {}
	},
	"/home/emedina/sandboxes/vite-sandbox/src/components/Dictionary/index.jsx": {
		"path": "/home/emedina/sandboxes/vite-sandbox/src/components/Dictionary/index.jsx",
		"all": false,
		"statementMap": {
			"0": {
				"start": { "line": 1, "column": 0 },
				"end": { "line": 1, "column": 39 }
			}
		},
		"s": { "0": 1 },
		"branchMap": {},
		"b": {},
		"fnMap": {},
		"f": {}
	},
	"/home/emedina/sandboxes/vite-sandbox/src/components/Dictionary/useDictionary.js": {
		"path": "/home/emedina/sandboxes/vite-sandbox/src/components/Dictionary/useDictionary.js",
		"all": false,
		"statementMap": {
			"0": {
				"start": { "line": 1, "column": 0 },
				"end": { "line": 1, "column": 55 }
			},
			"1": {
				"start": { "line": 2, "column": 0 },
				"end": { "line": 2, "column": 76 }
			},
			"2": {
				"start": { "line": 3, "column": 0 },
				"end": { "line": 3, "column": 73 }
			},
			"3": {
				"start": { "line": 4, "column": 0 },
				"end": { "line": 4, "column": 35 }
			},
			"4": {
				"start": { "line": 5, "column": 0 },
				"end": { "line": 5, "column": 54 }
			},
			"5": {
				"start": { "line": 6, "column": 0 },
				"end": { "line": 6, "column": 0 }
			},
			"6": {
				"start": { "line": 7, "column": 0 },
				"end": { "line": 7, "column": 29 }
			},
			"7": {
				"start": { "line": 8, "column": 0 },
				"end": { "line": 8, "column": 32 }
			},
			"8": {
				"start": { "line": 9, "column": 0 },
				"end": { "line": 9, "column": 54 }
			},
			"9": {
				"start": { "line": 10, "column": 0 },
				"end": { "line": 10, "column": 27 }
			},
			"10": {
				"start": { "line": 11, "column": 0 },
				"end": { "line": 11, "column": 18 }
			},
			"11": {
				"start": { "line": 12, "column": 0 },
				"end": { "line": 12, "column": 12 }
			},
			"12": {
				"start": { "line": 13, "column": 0 },
				"end": { "line": 13, "column": 4 }
			},
			"13": {
				"start": { "line": 14, "column": 0 },
				"end": { "line": 14, "column": 19 }
			},
			"14": {
				"start": { "line": 15, "column": 0 },
				"end": { "line": 15, "column": 62 }
			},
			"15": {
				"start": { "line": 16, "column": 0 },
				"end": { "line": 16, "column": 4 }
			},
			"16": {
				"start": { "line": 17, "column": 0 },
				"end": { "line": 17, "column": 0 }
			},
			"17": {
				"start": { "line": 18, "column": 0 },
				"end": { "line": 18, "column": 9 }
			},
			"18": {
				"start": { "line": 19, "column": 0 },
				"end": { "line": 19, "column": 17 }
			},
			"19": {
				"start": { "line": 20, "column": 0 },
				"end": { "line": 20, "column": 9 }
			},
			"20": {
				"start": { "line": 21, "column": 0 },
				"end": { "line": 21, "column": 58 }
			},
			"21": {
				"start": { "line": 22, "column": 0 },
				"end": { "line": 22, "column": 3 }
			},
			"22": {
				"start": { "line": 23, "column": 0 },
				"end": { "line": 23, "column": 2 }
			},
			"23": {
				"start": { "line": 24, "column": 0 },
				"end": { "line": 24, "column": 0 }
			},
			"24": {
				"start": { "line": 25, "column": 0 },
				"end": { "line": 25, "column": 29 }
			}
		},
		"s": {
			"0": 1,
			"1": 1,
			"2": 1,
			"3": 1,
			"4": 1,
			"5": 1,
			"6": 1,
			"7": 197,
			"8": 197,
			"9": 197,
			"10": 197,
			"11": 197,
			"12": 197,
			"13": 197,
			"14": 197,
			"15": 197,
			"16": 197,
			"17": 197,
			"18": 197,
			"19": 197,
			"20": 197,
			"21": 197,
			"22": 197,
			"23": 1,
			"24": 1
		},
		"branchMap": {
			"0": {
				"type": "branch",
				"line": 7,
				"loc": {
					"start": { "line": 7, "column": 22 },
					"end": { "line": 23, "column": 2 }
				},
				"locations": [
					{
						"start": { "line": 7, "column": 22 },
						"end": { "line": 23, "column": 2 }
					}
				]
			},
			"1": {
				"type": "branch",
				"line": 15,
				"loc": {
					"start": { "line": 15, "column": 12 },
					"end": { "line": 15, "column": 61 }
				},
				"locations": [
					{
						"start": { "line": 15, "column": 12 },
						"end": { "line": 15, "column": 61 }
					}
				]
			}
		},
		"b": { "0": [197], "1": [3] },
		"fnMap": {
			"0": {
				"name": "useDictionary",
				"decl": {
					"start": { "line": 7, "column": 22 },
					"end": { "line": 23, "column": 2 }
				},
				"loc": {
					"start": { "line": 7, "column": 22 },
					"end": { "line": 23, "column": 2 }
				},
				"line": 7
			},
			"1": {
				"name": "onSubmit",
				"decl": {
					"start": { "line": 15, "column": 12 },
					"end": { "line": 15, "column": 61 }
				},
				"loc": {
					"start": { "line": 15, "column": 12 },
					"end": { "line": 15, "column": 61 }
				},
				"line": 15
			}
		},
		"f": { "0": 197, "1": 3 }
	},
	"/home/emedina/sandboxes/vite-sandbox/src/mocks/handlers.js": {
		"path": "/home/emedina/sandboxes/vite-sandbox/src/mocks/handlers.js",
		"all": false,
		"statementMap": {
			"0": {
				"start": { "line": 1, "column": 0 },
				"end": { "line": 1, "column": 65 }
			},
			"1": {
				"start": { "line": 2, "column": 0 },
				"end": { "line": 2, "column": 0 }
			},
			"2": {
				"start": { "line": 3, "column": 0 },
				"end": { "line": 3, "column": 48 }
			}
		},
		"s": { "0": 1, "1": 1, "2": 1 },
		"branchMap": {},
		"b": {},
		"fnMap": {},
		"f": {}
	},
	"/home/emedina/sandboxes/vite-sandbox/src/mocks/server.js": {
		"path": "/home/emedina/sandboxes/vite-sandbox/src/mocks/server.js",
		"all": false,
		"statementMap": {
			"0": {
				"start": { "line": 1, "column": 0 },
				"end": { "line": 1, "column": 39 }
			},
			"1": {
				"start": { "line": 2, "column": 0 },
				"end": { "line": 2, "column": 38 }
			},
			"2": {
				"start": { "line": 3, "column": 0 },
				"end": { "line": 3, "column": 0 }
			},
			"3": {
				"start": { "line": 4, "column": 0 },
				"end": { "line": 4, "column": 47 }
			}
		},
		"s": { "0": 1, "1": 1, "2": 1, "3": 1 },
		"branchMap": {},
		"b": {},
		"fnMap": {},
		"f": {}
	},
	"/home/emedina/sandboxes/vite-sandbox/src/mocks/dictionary/dictionaryHandlers.js": {
		"path": "/home/emedina/sandboxes/vite-sandbox/src/mocks/dictionary/dictionaryHandlers.js",
		"all": false,
		"statementMap": {
			"0": {
				"start": { "line": 1, "column": 0 },
				"end": { "line": 1, "column": 27 }
			},
			"1": {
				"start": { "line": 2, "column": 0 },
				"end": { "line": 2, "column": 58 }
			},
			"2": {
				"start": { "line": 3, "column": 0 },
				"end": { "line": 3, "column": 65 }
			},
			"3": {
				"start": { "line": 4, "column": 0 },
				"end": { "line": 4, "column": 0 }
			},
			"4": {
				"start": { "line": 5, "column": 0 },
				"end": { "line": 5, "column": 29 }
			},
			"5": {
				"start": { "line": 6, "column": 0 },
				"end": { "line": 6, "column": 44 }
			},
			"6": {
				"start": { "line": 7, "column": 0 },
				"end": { "line": 7, "column": 49 }
			},
			"7": {
				"start": { "line": 8, "column": 0 },
				"end": { "line": 8, "column": 0 }
			},
			"8": {
				"start": { "line": 9, "column": 0 },
				"end": { "line": 9, "column": 28 }
			},
			"9": {
				"start": { "line": 10, "column": 0 },
				"end": { "line": 10, "column": 47 }
			},
			"10": {
				"start": { "line": 11, "column": 0 },
				"end": { "line": 11, "column": 66 }
			},
			"11": {
				"start": { "line": 12, "column": 0 },
				"end": { "line": 12, "column": 4 }
			},
			"12": {
				"start": { "line": 13, "column": 0 },
				"end": { "line": 13, "column": 2 }
			},
			"13": {
				"start": { "line": 14, "column": 0 },
				"end": { "line": 14, "column": 0 }
			},
			"14": {
				"start": { "line": 15, "column": 0 },
				"end": { "line": 15, "column": 41 }
			},
			"15": {
				"start": { "line": 16, "column": 0 },
				"end": { "line": 16, "column": 68 }
			},
			"16": {
				"start": { "line": 17, "column": 0 },
				"end": { "line": 17, "column": 18 }
			},
			"17": {
				"start": { "line": 18, "column": 0 },
				"end": { "line": 18, "column": 19 }
			},
			"18": {
				"start": { "line": 19, "column": 0 },
				"end": { "line": 19, "column": 49 }
			},
			"19": {
				"start": { "line": 20, "column": 0 },
				"end": { "line": 20, "column": 4 }
			},
			"20": {
				"start": { "line": 21, "column": 0 },
				"end": { "line": 21, "column": 4 }
			},
			"21": {
				"start": { "line": 22, "column": 0 },
				"end": { "line": 22, "column": 57 }
			},
			"22": {
				"start": { "line": 23, "column": 0 },
				"end": { "line": 23, "column": 18 }
			},
			"23": {
				"start": { "line": 24, "column": 0 },
				"end": { "line": 24, "column": 19 }
			},
			"24": {
				"start": { "line": 25, "column": 0 },
				"end": { "line": 25, "column": 13 }
			},
			"25": {
				"start": { "line": 26, "column": 0 },
				"end": { "line": 26, "column": 34 }
			},
			"26": {
				"start": { "line": 27, "column": 0 },
				"end": { "line": 27, "column": 12 }
			},
			"27": {
				"start": { "line": 28, "column": 0 },
				"end": { "line": 28, "column": 82 }
			},
			"28": {
				"start": { "line": 29, "column": 0 },
				"end": { "line": 29, "column": 15 }
			},
			"29": {
				"start": { "line": 30, "column": 0 },
				"end": { "line": 30, "column": 78 }
			},
			"30": {
				"start": { "line": 31, "column": 0 },
				"end": { "line": 31, "column": 5 }
			},
			"31": {
				"start": { "line": 32, "column": 0 },
				"end": { "line": 32, "column": 4 }
			},
			"32": {
				"start": { "line": 33, "column": 0 },
				"end": { "line": 33, "column": 4 }
			},
			"33": {
				"start": { "line": 34, "column": 0 },
				"end": { "line": 34, "column": 2 }
			},
			"34": {
				"start": { "line": 35, "column": 0 },
				"end": { "line": 35, "column": 0 }
			},
			"35": {
				"start": { "line": 36, "column": 0 },
				"end": { "line": 36, "column": 34 }
			}
		},
		"s": {
			"0": 1,
			"1": 1,
			"2": 1,
			"3": 1,
			"4": 1,
			"5": 1,
			"6": 1,
			"7": 1,
			"8": 1,
			"9": 1,
			"10": 2,
			"11": 1,
			"12": 1,
			"13": 1,
			"14": 1,
			"15": 1,
			"16": 1,
			"17": 1,
			"18": 1,
			"19": 1,
			"20": 1,
			"21": 1,
			"22": 1,
			"23": 1,
			"24": 1,
			"25": 1,
			"26": 1,
			"27": 1,
			"28": 1,
			"29": 1,
			"30": 1,
			"31": 1,
			"32": 1,
			"33": 1,
			"34": 1,
			"35": 1
		},
		"branchMap": {
			"0": {
				"type": "branch",
				"line": 10,
				"loc": {
					"start": { "line": 10, "column": 29 },
					"end": { "line": 12, "column": 2 }
				},
				"locations": [
					{
						"start": { "line": 10, "column": 29 },
						"end": { "line": 12, "column": 2 }
					}
				]
			},
			"1": {
				"type": "branch",
				"line": 16,
				"loc": {
					"start": { "line": 16, "column": 50 },
					"end": { "line": 21, "column": 2 }
				},
				"locations": [
					{
						"start": { "line": 16, "column": 50 },
						"end": { "line": 21, "column": 2 }
					}
				]
			},
			"2": {
				"type": "branch",
				"line": 22,
				"loc": {
					"start": { "line": 22, "column": 39 },
					"end": { "line": 33, "column": 2 }
				},
				"locations": [
					{
						"start": { "line": 22, "column": 39 },
						"end": { "line": 33, "column": 2 }
					}
				]
			}
		},
		"b": { "0": [2], "1": [1], "2": [1] },
		"fnMap": {},
		"f": {}
	},
	"/home/emedina/sandboxes/vite-sandbox/src/mocks/dictionary/dictionaryResponses.js": {
		"path": "/home/emedina/sandboxes/vite-sandbox/src/mocks/dictionary/dictionaryResponses.js",
		"all": false,
		"statementMap": {
			"0": {
				"start": { "line": 1, "column": 0 },
				"end": { "line": 1, "column": 41 }
			},
			"1": {
				"start": { "line": 2, "column": 0 },
				"end": { "line": 2, "column": 2 }
			},
			"2": {
				"start": { "line": 3, "column": 0 },
				"end": { "line": 3, "column": 16 }
			},
			"3": {
				"start": { "line": 4, "column": 0 },
				"end": { "line": 4, "column": 13 }
			},
			"4": {
				"start": { "line": 5, "column": 0 },
				"end": { "line": 5, "column": 4 }
			},
			"5": {
				"start": { "line": 6, "column": 0 },
				"end": { "line": 6, "column": 18 }
			},
			"6": {
				"start": { "line": 7, "column": 0 },
				"end": { "line": 7, "column": 6 }
			},
			"7": {
				"start": { "line": 8, "column": 0 },
				"end": { "line": 8, "column": 73 }
			},
			"8": {
				"start": { "line": 9, "column": 0 },
				"end": { "line": 9, "column": 7 }
			},
			"9": {
				"start": { "line": 10, "column": 0 },
				"end": { "line": 10, "column": 6 }
			},
			"10": {
				"start": { "line": 11, "column": 0 },
				"end": { "line": 11, "column": 5 }
			},
			"11": {
				"start": { "line": 12, "column": 0 },
				"end": { "line": 12, "column": 4 }
			},
			"12": {
				"start": { "line": 13, "column": 0 },
				"end": { "line": 13, "column": 3 }
			},
			"13": {
				"start": { "line": 14, "column": 0 },
				"end": { "line": 14, "column": 2 }
			}
		},
		"s": {
			"0": 1,
			"1": 1,
			"2": 1,
			"3": 1,
			"4": 1,
			"5": 1,
			"6": 1,
			"7": 1,
			"8": 1,
			"9": 1,
			"10": 1,
			"11": 1,
			"12": 1,
			"13": 1
		},
		"branchMap": {},
		"b": {},
		"fnMap": {},
		"f": {}
	},
	"/home/emedina/sandboxes/vite-sandbox/src/redux/store.js": {
		"path": "/home/emedina/sandboxes/vite-sandbox/src/redux/store.js",
		"all": false,
		"statementMap": {
			"0": {
				"start": { "line": 1, "column": 0 },
				"end": { "line": 1, "column": 50 }
			},
			"1": {
				"start": { "line": 2, "column": 0 },
				"end": { "line": 2, "column": 51 }
			},
			"2": {
				"start": { "line": 3, "column": 0 },
				"end": { "line": 3, "column": 57 }
			},
			"3": {
				"start": { "line": 4, "column": 0 },
				"end": { "line": 4, "column": 0 }
			},
			"4": {
				"start": { "line": 5, "column": 0 },
				"end": { "line": 5, "column": 46 }
			},
			"5": {
				"start": { "line": 6, "column": 0 },
				"end": { "line": 6, "column": 44 }
			},
			"6": {
				"start": { "line": 7, "column": 0 },
				"end": { "line": 7, "column": 0 }
			},
			"7": {
				"start": { "line": 8, "column": 0 },
				"end": { "line": 8, "column": 46 }
			},
			"8": {
				"start": { "line": 9, "column": 0 },
				"end": { "line": 9, "column": 0 }
			},
			"9": {
				"start": { "line": 10, "column": 0 },
				"end": { "line": 10, "column": 30 }
			},
			"10": {
				"start": { "line": 11, "column": 0 },
				"end": { "line": 11, "column": 11 }
			},
			"11": {
				"start": { "line": 12, "column": 0 },
				"end": { "line": 12, "column": 26 }
			},
			"12": {
				"start": { "line": 13, "column": 0 },
				"end": { "line": 13, "column": 32 }
			},
			"13": {
				"start": { "line": 14, "column": 0 },
				"end": { "line": 14, "column": 3 }
			},
			"14": {
				"start": { "line": 15, "column": 0 },
				"end": { "line": 15, "column": 30 }
			},
			"15": {
				"start": { "line": 16, "column": 0 },
				"end": { "line": 16, "column": 3 }
			},
			"16": {
				"start": { "line": 17, "column": 0 },
				"end": { "line": 17, "column": 0 }
			},
			"17": {
				"start": { "line": 18, "column": 0 },
				"end": { "line": 18, "column": 29 }
			},
			"18": {
				"start": { "line": 19, "column": 0 },
				"end": { "line": 19, "column": 0 }
			},
			"19": {
				"start": { "line": 20, "column": 0 },
				"end": { "line": 20, "column": 21 }
			}
		},
		"s": {
			"0": 1,
			"1": 1,
			"2": 1,
			"3": 1,
			"4": 1,
			"5": 1,
			"6": 1,
			"7": 1,
			"8": 1,
			"9": 1,
			"10": 1,
			"11": 1,
			"12": 1,
			"13": 1,
			"14": 1,
			"15": 1,
			"16": 1,
			"17": 1,
			"18": 1,
			"19": 1
		},
		"branchMap": {},
		"b": {},
		"fnMap": {},
		"f": {}
	},
	"/home/emedina/sandboxes/vite-sandbox/src/redux/sagas/dictionarySaga.js": {
		"path": "/home/emedina/sandboxes/vite-sandbox/src/redux/sagas/dictionarySaga.js",
		"all": false,
		"statementMap": {
			"0": {
				"start": { "line": 1, "column": 0 },
				"end": { "line": 1, "column": 58 }
			},
			"1": {
				"start": { "line": 2, "column": 0 },
				"end": { "line": 2, "column": 8 }
			},
			"2": {
				"start": { "line": 3, "column": 0 },
				"end": { "line": 3, "column": 23 }
			},
			"3": {
				"start": { "line": 4, "column": 0 },
				"end": { "line": 4, "column": 29 }
			},
			"4": {
				"start": { "line": 5, "column": 0 },
				"end": { "line": 5, "column": 21 }
			},
			"5": {
				"start": { "line": 6, "column": 0 },
				"end": { "line": 6, "column": 35 }
			},
			"6": {
				"start": { "line": 7, "column": 0 },
				"end": { "line": 7, "column": 48 }
			},
			"7": {
				"start": { "line": 8, "column": 0 },
				"end": { "line": 8, "column": 0 }
			},
			"8": {
				"start": { "line": 9, "column": 0 },
				"end": { "line": 9, "column": 51 }
			},
			"9": {
				"start": { "line": 10, "column": 0 },
				"end": { "line": 10, "column": 6 }
			},
			"10": {
				"start": { "line": 11, "column": 0 },
				"end": { "line": 11, "column": 70 }
			},
			"11": {
				"start": { "line": 12, "column": 0 },
				"end": { "line": 12, "column": 51 }
			},
			"12": {
				"start": { "line": 13, "column": 0 },
				"end": { "line": 13, "column": 16 }
			},
			"13": {
				"start": { "line": 14, "column": 0 },
				"end": { "line": 14, "column": 71 }
			},
			"14": {
				"start": { "line": 15, "column": 0 },
				"end": { "line": 15, "column": 10 }
			},
			"15": {
				"start": { "line": 16, "column": 0 },
				"end": { "line": 16, "column": 26 }
			},
			"16": {
				"start": { "line": 17, "column": 0 },
				"end": { "line": 17, "column": 20 }
			},
			"17": {
				"start": { "line": 18, "column": 0 },
				"end": { "line": 18, "column": 55 }
			},
			"18": {
				"start": { "line": 19, "column": 0 },
				"end": { "line": 19, "column": 2 }
			},
			"19": {
				"start": { "line": 20, "column": 0 },
				"end": { "line": 20, "column": 1 }
			},
			"20": {
				"start": { "line": 21, "column": 0 },
				"end": { "line": 21, "column": 0 }
			},
			"21": {
				"start": { "line": 22, "column": 0 },
				"end": { "line": 22, "column": 53 }
			},
			"22": {
				"start": { "line": 23, "column": 0 },
				"end": { "line": 23, "column": 64 }
			},
			"23": {
				"start": { "line": 24, "column": 0 },
				"end": { "line": 24, "column": 1 }
			}
		},
		"s": {
			"0": 1,
			"1": 1,
			"2": 1,
			"3": 1,
			"4": 1,
			"5": 1,
			"6": 1,
			"7": 1,
			"8": 1,
			"9": 3,
			"10": 3,
			"11": 1,
			"12": 3,
			"13": 2,
			"14": 2,
			"15": 2,
			"16": 2,
			"17": 2,
			"18": 2,
			"19": 3,
			"20": 1,
			"21": 1,
			"22": 2,
			"23": 2
		},
		"branchMap": {
			"0": {
				"type": "branch",
				"line": 9,
				"loc": {
					"start": { "line": 9, "column": 7 },
					"end": { "line": 20, "column": 1 }
				},
				"locations": [
					{
						"start": { "line": 9, "column": 7 },
						"end": { "line": 20, "column": 1 }
					}
				]
			},
			"1": {
				"type": "branch",
				"line": 12,
				"loc": {
					"start": { "line": 12, "column": -1 },
					"end": { "line": 13, "column": 3 }
				},
				"locations": [
					{
						"start": { "line": 12, "column": -1 },
						"end": { "line": 13, "column": 3 }
					}
				]
			},
			"2": {
				"type": "branch",
				"line": 13,
				"loc": {
					"start": { "line": 13, "column": 3 },
					"end": { "line": 19, "column": 2 }
				},
				"locations": [
					{
						"start": { "line": 13, "column": 3 },
						"end": { "line": 19, "column": 2 }
					}
				]
			},
			"3": {
				"type": "branch",
				"line": 22,
				"loc": {
					"start": { "line": 22, "column": 15 },
					"end": { "line": 24, "column": 1 }
				},
				"locations": [
					{
						"start": { "line": 22, "column": 15 },
						"end": { "line": 24, "column": 1 }
					}
				]
			}
		},
		"b": { "0": [3], "1": [1], "2": [2], "3": [2] },
		"fnMap": {
			"0": {
				"name": "fetchWordDefinition",
				"decl": {
					"start": { "line": 9, "column": 7 },
					"end": { "line": 20, "column": 1 }
				},
				"loc": {
					"start": { "line": 9, "column": 7 },
					"end": { "line": 20, "column": 1 }
				},
				"line": 9
			},
			"1": {
				"name": "watchFetchWordDefinition",
				"decl": {
					"start": { "line": 22, "column": 15 },
					"end": { "line": 24, "column": 1 }
				},
				"loc": {
					"start": { "line": 22, "column": 15 },
					"end": { "line": 24, "column": 1 }
				},
				"line": 22
			}
		},
		"f": { "0": 3, "1": 2 }
	},
	"/home/emedina/sandboxes/vite-sandbox/src/redux/sagas/rootSaga.js": {
		"path": "/home/emedina/sandboxes/vite-sandbox/src/redux/sagas/rootSaga.js",
		"all": false,
		"statementMap": {
			"0": {
				"start": { "line": 1, "column": 0 },
				"end": { "line": 1, "column": 41 }
			},
			"1": {
				"start": { "line": 2, "column": 0 },
				"end": { "line": 2, "column": 46 }
			},
			"2": {
				"start": { "line": 3, "column": 0 },
				"end": { "line": 3, "column": 0 }
			},
			"3": {
				"start": { "line": 4, "column": 0 },
				"end": { "line": 4, "column": 29 }
			},
			"4": {
				"start": { "line": 5, "column": 0 },
				"end": { "line": 5, "column": 31 }
			},
			"5": {
				"start": { "line": 6, "column": 0 },
				"end": { "line": 6, "column": 1 }
			}
		},
		"s": { "0": 1, "1": 1, "2": 1, "3": 1, "4": 2, "5": 0 },
		"branchMap": {
			"0": {
				"type": "branch",
				"line": 4,
				"loc": {
					"start": { "line": 4, "column": 7 },
					"end": { "line": 6, "column": 1 }
				},
				"locations": [
					{
						"start": { "line": 4, "column": 7 },
						"end": { "line": 6, "column": 1 }
					}
				]
			},
			"1": {
				"type": "branch",
				"line": 6,
				"loc": {
					"start": { "line": 6, "column": -1 },
					"end": { "line": 6, "column": 1 }
				},
				"locations": [
					{
						"start": { "line": 6, "column": -1 },
						"end": { "line": 6, "column": 1 }
					}
				]
			}
		},
		"b": { "0": [2], "1": [0] },
		"fnMap": {
			"0": {
				"name": "rootSaga",
				"decl": {
					"start": { "line": 4, "column": 7 },
					"end": { "line": 6, "column": 1 }
				},
				"loc": {
					"start": { "line": 4, "column": 7 },
					"end": { "line": 6, "column": 1 }
				},
				"line": 4
			}
		},
		"f": { "0": 2 }
	},
	"/home/emedina/sandboxes/vite-sandbox/src/redux/selectors/counterSelectors.js": {
		"path": "/home/emedina/sandboxes/vite-sandbox/src/redux/selectors/counterSelectors.js",
		"all": false,
		"statementMap": {
			"0": {
				"start": { "line": 1, "column": 0 },
				"end": { "line": 1, "column": 50 }
			},
			"1": {
				"start": { "line": 2, "column": 0 },
				"end": { "line": 2, "column": 0 }
			},
			"2": {
				"start": { "line": 3, "column": 0 },
				"end": { "line": 3, "column": 54 }
			},
			"3": {
				"start": { "line": 4, "column": 0 },
				"end": { "line": 4, "column": 0 }
			},
			"4": {
				"start": { "line": 5, "column": 0 },
				"end": { "line": 5, "column": 42 }
			},
			"5": {
				"start": { "line": 6, "column": 0 },
				"end": { "line": 6, "column": 15 }
			},
			"6": {
				"start": { "line": 7, "column": 0 },
				"end": { "line": 7, "column": 26 }
			},
			"7": {
				"start": { "line": 8, "column": 0 },
				"end": { "line": 8, "column": 2 }
			}
		},
		"s": { "0": 1, "1": 1, "2": 1, "3": 1, "4": 1, "5": 1, "6": 1, "7": 1 },
		"branchMap": {
			"0": {
				"type": "branch",
				"line": 3,
				"loc": {
					"start": { "line": 3, "column": 29 },
					"end": { "line": 3, "column": 53 }
				},
				"locations": [
					{
						"start": { "line": 3, "column": 29 },
						"end": { "line": 3, "column": 53 }
					}
				]
			},
			"1": {
				"type": "branch",
				"line": 7,
				"loc": {
					"start": { "line": 7, "column": 1 },
					"end": { "line": 7, "column": 26 }
				},
				"locations": [
					{
						"start": { "line": 7, "column": 1 },
						"end": { "line": 7, "column": 26 }
					}
				]
			},
			"2": {
				"type": "branch",
				"line": 7,
				"loc": {
					"start": { "line": 7, "column": 22 },
					"end": { "line": 7, "column": 26 }
				},
				"locations": [
					{
						"start": { "line": 7, "column": 22 },
						"end": { "line": 7, "column": 26 }
					}
				]
			}
		},
		"b": { "0": [4], "1": [4], "2": [0] },
		"fnMap": {
			"0": {
				"name": "selectCounter",
				"decl": {
					"start": { "line": 3, "column": 29 },
					"end": { "line": 3, "column": 53 }
				},
				"loc": {
					"start": { "line": 3, "column": 29 },
					"end": { "line": 3, "column": 53 }
				},
				"line": 3
			}
		},
		"f": { "0": 4 }
	},
	"/home/emedina/sandboxes/vite-sandbox/src/redux/selectors/dictionarySelector.js": {
		"path": "/home/emedina/sandboxes/vite-sandbox/src/redux/selectors/dictionarySelector.js",
		"all": false,
		"statementMap": {
			"0": {
				"start": { "line": 1, "column": 0 },
				"end": { "line": 1, "column": 50 }
			},
			"1": {
				"start": { "line": 2, "column": 0 },
				"end": { "line": 2, "column": 0 }
			},
			"2": {
				"start": { "line": 3, "column": 0 },
				"end": { "line": 3, "column": 67 }
			},
			"3": {
				"start": { "line": 4, "column": 0 },
				"end": { "line": 4, "column": 0 }
			},
			"4": {
				"start": { "line": 5, "column": 0 },
				"end": { "line": 5, "column": 47 }
			},
			"5": {
				"start": { "line": 6, "column": 0 },
				"end": { "line": 6, "column": 18 }
			},
			"6": {
				"start": { "line": 7, "column": 0 },
				"end": { "line": 7, "column": 29 }
			},
			"7": {
				"start": { "line": 8, "column": 0 },
				"end": { "line": 8, "column": 69 }
			},
			"8": {
				"start": { "line": 9, "column": 0 },
				"end": { "line": 9, "column": 25 }
			},
			"9": {
				"start": { "line": 10, "column": 0 },
				"end": { "line": 10, "column": 2 }
			}
		},
		"s": {
			"0": 1,
			"1": 1,
			"2": 1,
			"3": 1,
			"4": 1,
			"5": 1,
			"6": 1,
			"7": 11,
			"8": 8,
			"9": 1
		},
		"branchMap": {
			"0": {
				"type": "branch",
				"line": 3,
				"loc": {
					"start": { "line": 3, "column": 32 },
					"end": { "line": 3, "column": 66 }
				},
				"locations": [
					{
						"start": { "line": 3, "column": 32 },
						"end": { "line": 3, "column": 66 }
					}
				]
			},
			"1": {
				"type": "branch",
				"line": 3,
				"loc": {
					"start": { "line": 3, "column": 48 },
					"end": { "line": 3, "column": 60 }
				},
				"locations": [
					{
						"start": { "line": 3, "column": 48 },
						"end": { "line": 3, "column": 60 }
					}
				]
			},
			"2": {
				"type": "branch",
				"line": 3,
				"loc": {
					"start": { "line": 3, "column": 61 },
					"end": { "line": 3, "column": 66 }
				},
				"locations": [
					{
						"start": { "line": 3, "column": 61 },
						"end": { "line": 3, "column": 66 }
					}
				]
			},
			"3": {
				"type": "branch",
				"line": 7,
				"loc": {
					"start": { "line": 7, "column": 1 },
					"end": { "line": 9, "column": 25 }
				},
				"locations": [
					{
						"start": { "line": 7, "column": 1 },
						"end": { "line": 9, "column": 25 }
					}
				]
			},
			"4": {
				"type": "branch",
				"line": 8,
				"loc": {
					"start": { "line": 8, "column": 21 },
					"end": { "line": 8, "column": 66 }
				},
				"locations": [
					{
						"start": { "line": 8, "column": 21 },
						"end": { "line": 8, "column": 66 }
					}
				]
			},
			"5": {
				"type": "branch",
				"line": 8,
				"loc": {
					"start": { "line": 8, "column": 67 },
					"end": { "line": 9, "column": 25 }
				},
				"locations": [
					{
						"start": { "line": 8, "column": 67 },
						"end": { "line": 9, "column": 25 }
					}
				]
			}
		},
		"b": { "0": [14], "1": [11], "2": [3], "3": [11], "4": [3], "5": [8] },
		"fnMap": {
			"0": {
				"name": "selectDictionary",
				"decl": {
					"start": { "line": 3, "column": 32 },
					"end": { "line": 3, "column": 66 }
				},
				"loc": {
					"start": { "line": 3, "column": 32 },
					"end": { "line": 3, "column": 66 }
				},
				"line": 3
			}
		},
		"f": { "0": 14 }
	},
	"/home/emedina/sandboxes/vite-sandbox/src/redux/slices/counterSlice.js": {
		"path": "/home/emedina/sandboxes/vite-sandbox/src/redux/slices/counterSlice.js",
		"all": false,
		"statementMap": {
			"0": {
				"start": { "line": 1, "column": 0 },
				"end": { "line": 1, "column": 47 }
			},
			"1": {
				"start": { "line": 2, "column": 0 },
				"end": { "line": 2, "column": 0 }
			},
			"2": {
				"start": { "line": 3, "column": 0 },
				"end": { "line": 3, "column": 22 }
			},
			"3": {
				"start": { "line": 4, "column": 0 },
				"end": { "line": 4, "column": 10 }
			},
			"4": {
				"start": { "line": 5, "column": 0 },
				"end": { "line": 5, "column": 2 }
			},
			"5": {
				"start": { "line": 6, "column": 0 },
				"end": { "line": 6, "column": 0 }
			},
			"6": {
				"start": { "line": 7, "column": 0 },
				"end": { "line": 7, "column": 41 }
			},
			"7": {
				"start": { "line": 8, "column": 0 },
				"end": { "line": 8, "column": 17 }
			},
			"8": {
				"start": { "line": 9, "column": 0 },
				"end": { "line": 9, "column": 14 }
			},
			"9": {
				"start": { "line": 10, "column": 0 },
				"end": { "line": 10, "column": 12 }
			},
			"10": {
				"start": { "line": 11, "column": 0 },
				"end": { "line": 11, "column": 25 }
			},
			"11": {
				"start": { "line": 12, "column": 0 },
				"end": { "line": 12, "column": 71 }
			},
			"12": {
				"start": { "line": 13, "column": 0 },
				"end": { "line": 13, "column": 74 }
			},
			"13": {
				"start": { "line": 14, "column": 0 },
				"end": { "line": 14, "column": 71 }
			},
			"14": {
				"start": { "line": 15, "column": 0 },
				"end": { "line": 15, "column": 45 }
			},
			"15": {
				"start": { "line": 16, "column": 0 },
				"end": { "line": 16, "column": 8 }
			},
			"16": {
				"start": { "line": 17, "column": 0 },
				"end": { "line": 17, "column": 20 }
			},
			"17": {
				"start": { "line": 18, "column": 0 },
				"end": { "line": 18, "column": 4 }
			},
			"18": {
				"start": { "line": 19, "column": 0 },
				"end": { "line": 19, "column": 25 }
			},
			"19": {
				"start": { "line": 20, "column": 0 },
				"end": { "line": 20, "column": 20 }
			},
			"20": {
				"start": { "line": 21, "column": 0 },
				"end": { "line": 21, "column": 4 }
			},
			"21": {
				"start": { "line": 22, "column": 0 },
				"end": { "line": 22, "column": 46 }
			},
			"22": {
				"start": { "line": 23, "column": 0 },
				"end": { "line": 23, "column": 26 }
			},
			"23": {
				"start": { "line": 24, "column": 0 },
				"end": { "line": 24, "column": 4 }
			},
			"24": {
				"start": { "line": 25, "column": 0 },
				"end": { "line": 25, "column": 3 }
			},
			"25": {
				"start": { "line": 26, "column": 0 },
				"end": { "line": 26, "column": 3 }
			},
			"26": {
				"start": { "line": 27, "column": 0 },
				"end": { "line": 27, "column": 0 }
			},
			"27": {
				"start": { "line": 28, "column": 0 },
				"end": { "line": 28, "column": 63 }
			},
			"28": {
				"start": { "line": 29, "column": 0 },
				"end": { "line": 29, "column": 80 }
			},
			"29": {
				"start": { "line": 30, "column": 0 },
				"end": { "line": 30, "column": 0 }
			},
			"30": {
				"start": { "line": 31, "column": 0 },
				"end": { "line": 31, "column": 36 }
			}
		},
		"s": {
			"0": 1,
			"1": 1,
			"2": 1,
			"3": 1,
			"4": 1,
			"5": 1,
			"6": 1,
			"7": 1,
			"8": 1,
			"9": 1,
			"10": 1,
			"11": 1,
			"12": 1,
			"13": 1,
			"14": 1,
			"15": 1,
			"16": 1,
			"17": 1,
			"18": 1,
			"19": 2,
			"20": 1,
			"21": 1,
			"22": 0,
			"23": 1,
			"24": 1,
			"25": 1,
			"26": 1,
			"27": 1,
			"28": 1,
			"29": 1,
			"30": 1
		},
		"branchMap": {
			"0": {
				"type": "branch",
				"line": 11,
				"loc": {
					"start": { "line": 11, "column": 13 },
					"end": { "line": 18, "column": 3 }
				},
				"locations": [
					{
						"start": { "line": 11, "column": 13 },
						"end": { "line": 18, "column": 3 }
					}
				]
			},
			"1": {
				"type": "branch",
				"line": 19,
				"loc": {
					"start": { "line": 19, "column": 13 },
					"end": { "line": 21, "column": 3 }
				},
				"locations": [
					{
						"start": { "line": 19, "column": 13 },
						"end": { "line": 21, "column": 3 }
					}
				]
			}
		},
		"b": { "0": [1], "1": [2] },
		"fnMap": {
			"0": {
				"name": "increment",
				"decl": {
					"start": { "line": 11, "column": 13 },
					"end": { "line": 18, "column": 3 }
				},
				"loc": {
					"start": { "line": 11, "column": 13 },
					"end": { "line": 18, "column": 3 }
				},
				"line": 11
			},
			"1": {
				"name": "decrement",
				"decl": {
					"start": { "line": 19, "column": 13 },
					"end": { "line": 21, "column": 3 }
				},
				"loc": {
					"start": { "line": 19, "column": 13 },
					"end": { "line": 21, "column": 3 }
				},
				"line": 19
			},
			"2": {
				"name": "incrementByAmount",
				"decl": {
					"start": { "line": 22, "column": 21 },
					"end": { "line": 24, "column": 3 }
				},
				"loc": {
					"start": { "line": 22, "column": 21 },
					"end": { "line": 24, "column": 3 }
				},
				"line": 22
			}
		},
		"f": { "0": 1, "1": 2, "2": 0 }
	},
	"/home/emedina/sandboxes/vite-sandbox/src/redux/slices/dictionarySlice.js": {
		"path": "/home/emedina/sandboxes/vite-sandbox/src/redux/slices/dictionarySlice.js",
		"all": false,
		"statementMap": {
			"0": {
				"start": { "line": 1, "column": 0 },
				"end": { "line": 1, "column": 47 }
			},
			"1": {
				"start": { "line": 2, "column": 0 },
				"end": { "line": 2, "column": 0 }
			},
			"2": {
				"start": { "line": 3, "column": 0 },
				"end": { "line": 3, "column": 22 }
			},
			"3": {
				"start": { "line": 4, "column": 0 },
				"end": { "line": 4, "column": 18 }
			},
			"4": {
				"start": { "line": 5, "column": 0 },
				"end": { "line": 5, "column": 13 }
			},
			"5": {
				"start": { "line": 6, "column": 0 },
				"end": { "line": 6, "column": 20 }
			},
			"6": {
				"start": { "line": 7, "column": 0 },
				"end": { "line": 7, "column": 2 }
			},
			"7": {
				"start": { "line": 8, "column": 0 },
				"end": { "line": 8, "column": 0 }
			},
			"8": {
				"start": { "line": 9, "column": 0 },
				"end": { "line": 9, "column": 44 }
			},
			"9": {
				"start": { "line": 10, "column": 0 },
				"end": { "line": 10, "column": 20 }
			},
			"10": {
				"start": { "line": 11, "column": 0 },
				"end": { "line": 11, "column": 14 }
			},
			"11": {
				"start": { "line": 12, "column": 0 },
				"end": { "line": 12, "column": 12 }
			},
			"12": {
				"start": { "line": 13, "column": 0 },
				"end": { "line": 13, "column": 35 }
			},
			"13": {
				"start": { "line": 14, "column": 0 },
				"end": { "line": 14, "column": 26 }
			},
			"14": {
				"start": { "line": 15, "column": 0 },
				"end": { "line": 15, "column": 4 }
			},
			"15": {
				"start": { "line": 16, "column": 0 },
				"end": { "line": 16, "column": 50 }
			},
			"16": {
				"start": { "line": 17, "column": 0 },
				"end": { "line": 17, "column": 27 }
			},
			"17": {
				"start": { "line": 18, "column": 0 },
				"end": { "line": 18, "column": 34 }
			},
			"18": {
				"start": { "line": 19, "column": 0 },
				"end": { "line": 19, "column": 4 }
			},
			"19": {
				"start": { "line": 20, "column": 0 },
				"end": { "line": 20, "column": 63 }
			},
			"20": {
				"start": { "line": 21, "column": 0 },
				"end": { "line": 21, "column": 27 }
			},
			"21": {
				"start": { "line": 22, "column": 0 },
				"end": { "line": 22, "column": 23 }
			},
			"22": {
				"start": { "line": 23, "column": 0 },
				"end": { "line": 23, "column": 29 }
			},
			"23": {
				"start": { "line": 24, "column": 0 },
				"end": { "line": 24, "column": 4 }
			},
			"24": {
				"start": { "line": 25, "column": 0 },
				"end": { "line": 25, "column": 3 }
			},
			"25": {
				"start": { "line": 26, "column": 0 },
				"end": { "line": 26, "column": 3 }
			},
			"26": {
				"start": { "line": 27, "column": 0 },
				"end": { "line": 27, "column": 0 }
			},
			"27": {
				"start": { "line": 28, "column": 0 },
				"end": { "line": 28, "column": 14 }
			},
			"28": {
				"start": { "line": 29, "column": 0 },
				"end": { "line": 29, "column": 21 }
			},
			"29": {
				"start": { "line": 30, "column": 0 },
				"end": { "line": 30, "column": 23 }
			},
			"30": {
				"start": { "line": 31, "column": 0 },
				"end": { "line": 31, "column": 29 }
			},
			"31": {
				"start": { "line": 32, "column": 0 },
				"end": { "line": 32, "column": 28 }
			},
			"32": {
				"start": { "line": 33, "column": 0 },
				"end": { "line": 33, "column": 0 }
			},
			"33": {
				"start": { "line": 34, "column": 0 },
				"end": { "line": 34, "column": 39 }
			}
		},
		"s": {
			"0": 1,
			"1": 1,
			"2": 1,
			"3": 1,
			"4": 1,
			"5": 1,
			"6": 1,
			"7": 1,
			"8": 1,
			"9": 1,
			"10": 1,
			"11": 1,
			"12": 1,
			"13": 3,
			"14": 1,
			"15": 1,
			"16": 1,
			"17": 1,
			"18": 1,
			"19": 1,
			"20": 2,
			"21": 2,
			"22": 2,
			"23": 1,
			"24": 1,
			"25": 1,
			"26": 1,
			"27": 1,
			"28": 1,
			"29": 1,
			"30": 1,
			"31": 1,
			"32": 1,
			"33": 1
		},
		"branchMap": {
			"0": {
				"type": "branch",
				"line": 13,
				"loc": {
					"start": { "line": 13, "column": 23 },
					"end": { "line": 15, "column": 3 }
				},
				"locations": [
					{
						"start": { "line": 13, "column": 23 },
						"end": { "line": 15, "column": 3 }
					}
				]
			},
			"1": {
				"type": "branch",
				"line": 16,
				"loc": {
					"start": { "line": 16, "column": 25 },
					"end": { "line": 19, "column": 3 }
				},
				"locations": [
					{
						"start": { "line": 16, "column": 25 },
						"end": { "line": 19, "column": 3 }
					}
				]
			},
			"2": {
				"type": "branch",
				"line": 20,
				"loc": {
					"start": { "line": 20, "column": 31 },
					"end": { "line": 24, "column": 3 }
				},
				"locations": [
					{
						"start": { "line": 20, "column": 31 },
						"end": { "line": 24, "column": 3 }
					}
				]
			}
		},
		"b": { "0": [3], "1": [1], "2": [2] },
		"fnMap": {
			"0": {
				"name": "fetchDictionaryWord",
				"decl": {
					"start": { "line": 13, "column": 23 },
					"end": { "line": 15, "column": 3 }
				},
				"loc": {
					"start": { "line": 13, "column": 23 },
					"end": { "line": 15, "column": 3 }
				},
				"line": 13
			},
			"1": {
				"name": "dictionaryWordFetched",
				"decl": {
					"start": { "line": 16, "column": 25 },
					"end": { "line": 19, "column": 3 }
				},
				"loc": {
					"start": { "line": 16, "column": 25 },
					"end": { "line": 19, "column": 3 }
				},
				"line": 16
			},
			"2": {
				"name": "errorFetchingDictionaryWord",
				"decl": {
					"start": { "line": 20, "column": 31 },
					"end": { "line": 24, "column": 3 }
				},
				"loc": {
					"start": { "line": 20, "column": 31 },
					"end": { "line": 24, "column": 3 }
				},
				"line": 20
			}
		},
		"f": { "0": 3, "1": 1, "2": 2 }
	},
	"/home/emedina/sandboxes/vite-sandbox/src/utils/consts.js": {
		"path": "/home/emedina/sandboxes/vite-sandbox/src/utils/consts.js",
		"all": false,
		"statementMap": {
			"0": {
				"start": { "line": 1, "column": 0 },
				"end": { "line": 1, "column": 37 }
			},
			"1": {
				"start": { "line": 2, "column": 0 },
				"end": { "line": 2, "column": 15 }
			},
			"2": {
				"start": { "line": 3, "column": 0 },
				"end": { "line": 3, "column": 2 }
			}
		},
		"s": { "0": 1, "1": 1, "2": 1 },
		"branchMap": {},
		"b": {},
		"fnMap": {},
		"f": {}
	},
	"/home/emedina/sandboxes/vite-sandbox/src/utils/testWrappers.jsx": {
		"path": "/home/emedina/sandboxes/vite-sandbox/src/utils/testWrappers.jsx",
		"all": false,
		"statementMap": {
			"0": {
				"start": { "line": 1, "column": 0 },
				"end": { "line": 1, "column": 39 }
			},
			"1": {
				"start": { "line": 2, "column": 0 },
				"end": { "line": 2, "column": 35 }
			},
			"2": {
				"start": { "line": 3, "column": 0 },
				"end": { "line": 3, "column": 35 }
			},
			"3": {
				"start": { "line": 4, "column": 0 },
				"end": { "line": 4, "column": 0 }
			},
			"4": {
				"start": { "line": 5, "column": 0 },
				"end": { "line": 5, "column": 48 }
			},
			"5": {
				"start": { "line": 6, "column": 0 },
				"end": { "line": 6, "column": 46 }
			},
			"6": {
				"start": { "line": 7, "column": 0 },
				"end": { "line": 7, "column": 2 }
			},
			"7": {
				"start": { "line": 8, "column": 0 },
				"end": { "line": 8, "column": 0 }
			},
			"8": {
				"start": { "line": 9, "column": 0 },
				"end": { "line": 9, "column": 27 }
			},
			"9": {
				"start": { "line": 10, "column": 0 },
				"end": { "line": 10, "column": 37 }
			},
			"10": {
				"start": { "line": 11, "column": 0 },
				"end": { "line": 11, "column": 2 }
			}
		},
		"s": {
			"0": 1,
			"1": 1,
			"2": 1,
			"3": 1,
			"4": 1,
			"5": 9,
			"6": 1,
			"7": 1,
			"8": 1,
			"9": 1,
			"10": 1
		},
		"branchMap": {
			"0": {
				"type": "branch",
				"line": 5,
				"loc": {
					"start": { "line": 5, "column": 29 },
					"end": { "line": 6, "column": 46 }
				},
				"locations": [
					{
						"start": { "line": 5, "column": 29 },
						"end": { "line": 6, "column": 46 }
					}
				]
			}
		},
		"b": { "0": [9] },
		"fnMap": {
			"0": {
				"name": "ReduxProvider",
				"decl": {
					"start": { "line": 5, "column": 29 },
					"end": { "line": 6, "column": 46 }
				},
				"loc": {
					"start": { "line": 5, "column": 29 },
					"end": { "line": 6, "column": 46 }
				},
				"line": 5
			}
		},
		"f": { "0": 9 }
	}
}
